<?xml version="1.0" encoding="UTF-8"?>
<!-- Generated by org.testng.reporters.JUnitReportReporter -->
<testsuite hostname="Mokshi" failures="0" tests="1" name="part2.com.saucedemo.tests.login.LoginTests" time="0.305" errors="0" timestamp="2024-09-13T18:21:56 CDT" skipped="0">
  <testcase classname="part2.com.saucedemo.tests.login.LoginTests" name="testLoginErrorMessage" time="0.305"/>
</testsuite> <!-- part2.com.saucedemo.tests.login.LoginTests -->
