<?xml version="1.0" encoding="UTF-8"?>
<!-- Generated by org.testng.reporters.JUnitReportReporter -->
<testsuite hostname="Mokshi" failures="0" tests="1" name="part3_4.com.demoqa.tests.part4.windows.WindowsTest" time="4.085" errors="0" timestamp="2024-09-11T23:57:08 CDT" skipped="0">
  <testcase classname="part3_4.com.demoqa.tests.part4.windows.WindowsTest" name="testNewWindowURL" time="4.085"/>
</testsuite> <!-- part3_4.com.demoqa.tests.part4.windows.WindowsTest -->
