<?xml version="1.0" encoding="UTF-8"?>
<!-- Generated by org.testng.reporters.JUnitReportReporter -->
<testsuite hostname="Mokshi" failures="0" tests="1" name="part3_4.com.demoqa.tests.part3.forms.CheckboxTest" time="3.448" errors="0" timestamp="2024-09-13T18:27:47 CDT" skipped="0">
  <testcase classname="part3_4.com.demoqa.tests.part3.forms.CheckboxTest" name="testCheckbox" time="3.448"/>
</testsuite> <!-- part3_4.com.demoqa.tests.part3.forms.CheckboxTest -->
